<?xml version="1.0" encoding="UTF-8"?>
<testsuite name="NumeralSystemConverterTest" tests="1" skipped="0" failures="0" errors="0" timestamp="2021-07-17T20:55:15" hostname="DESKTOP-4RO72QM" time="8.018">
  <properties/>
  <testcase name="start" classname="NumeralSystemConverterTest" time="8.018"/>
  <system-out><![CDATA[?[1;31m
Start test 1?[0m
Enter two numbers in format: {source base} {target base} (To quit type /exit) > /exit
?[1;31m
Start test 2?[0m
Enter two numbers in format: {source base} {target base} (To quit type /exit) > 10 2
Enter number in base 10 to convert to base 2 (To go back type /back) > 722
Conversion result: 1011010010

?[1;31m
Start test 3?[0m
Enter two numbers in format: {source base} {target base} (To quit type /exit) > 10 2
Enter number in base 10 to convert to base 2 (To go back type /back) > 149
Conversion result: 10010101

Enter number in base 10 to convert to base 2 (To go back type /back) > /back


Enter two numbers in format: {source base} {target base} (To quit type /exit) > 10 8
Enter number in base 10 to convert to base 8 (To go back type /back) > 871
Conversion result: 1547

Enter number in base 10 to convert to base 8 (To go back type /back) > /back


Enter two numbers in format: {source base} {target base} (To quit type /exit) > /exit
?[1;31m
Start test 4?[0m
Enter two numbers in format: {source base} {target base} (To quit type /exit) > 2 2
Enter number in base 2 to convert to base 2 (To go back type /back) > 1010010100100101001010011111010110011010110110101
Conversion result: 1010010100100101001010011111010110011010110110101

Enter number in base 2 to convert to base 2 (To go back type /back) > /back


Enter two numbers in format: {source base} {target base} (To quit type /exit) > 2 5
Enter number in base 2 to convert to base 5 (To go back type /back) > 111001001110010110110001000011010000110000011010
Conversion result: 230441421221240103020

Enter number in base 2 to convert to base 5 (To go back type /back) > /back


Enter two numbers in format: {source base} {target base} (To quit type /exit) > 2 8
Enter number in base 2 to convert to base 8 (To go back type /back) > 10001011100101100010101000000011111101000000001
Conversion result: 2134542500375001

Enter number in base 2 to convert to base 8 (To go back type /back) > /back


Enter two numbers in format: {source base} {target base} (To quit type /exit) > 2 11
Enter number in base 2 to convert to base 11 (To go back type /back) > 1100101101100101100000000111001100101010010101000
Conversion result: 11a57374698a221

Enter number in base 2 to convert to base 11 (To go back type /back) > /back


Enter two numbers in format: {source base} {target base} (To quit type /exit) > 2 14
Enter number in base 2 to convert to base 14 (To go back type /back) > 11010011000110101110100011101011000000000111010
Conversion result: 2093220575110

Enter number in base 2 to convert to base 14 (To go back type /back) > /back


Enter two numbers in format: {source base} {target base} (To quit type /exit) > 2 17
Enter number in base 2 to convert to base 17 (To go back type /back) > 1010011100000011101100101100110000001010110111001
Conversion result: ac304ee2fc21

Enter number in base 2 to convert to base 17 (To go back type /back) > /back


Enter two numbers in format: {source base} {target base} (To quit type /exit) > 2 20
Enter number in base 2 to convert to base 20 (To go back type /back) > 111111110000110000000001010111011001111100001111
Conversion result: 177e3c62a80f

Enter number in base 2 to convert to base 20 (To go back type /back) > /back


Enter two numbers in format: {source base} {target base} (To quit type /exit) > 2 23
Enter number in base 2 to convert to base 23 (To go back type /back) > 110011110011111000011101001101100100101010101011
Conversion result: 5bbh7h416me

Enter number in base 2 to convert to base 23 (To go back type /back) > /back


Enter two numbers in format: {source base} {target base} (To quit type /exit) > 2 26
Enter number in base 2 to convert to base 26 (To go back type /back) > 10100000111111101010110010111001110001000111110
Conversion result: g7lh61k366

Enter number in base 2 to convert to base 26 (To go back type /back) > /back


Enter two numbers in format: {source base} {target base} (To quit type /exit) > 2 29
Enter number in base 2 to convert to base 29 (To go back type /back) > 1000000001100111001100110110010100000010011100
Conversion result: 2cg37bcedi

Enter number in base 2 to convert to base 29 (To go back type /back) > /back


Enter two numbers in format: {source base} {target base} (To quit type /exit) > 2 32
Enter number in base 2 to convert to base 32 (To go back type /back) > 1000111110010010110110110000000001110110100101000
Conversion result: 8v4mr01r98

Enter number in base 2 to convert to base 32 (To go back type /back) > /back


Enter two numbers in format: {source base} {target base} (To quit type /exit) > 2 35
Enter number in base 2 to convert to base 35 (To go back type /back) > 110000000001111000001000110101001000110011010100
Conversion result: 2ns52efshe

Enter number in base 2 to convert to base 35 (To go back type /back) > /back


Enter two numbers in format: {source base} {target base} (To quit type /exit) > 5 2
Enter number in base 5 to convert to base 2 (To go back type /back) > 444101100414032011424
Conversion result: 1101011101111000001010101111110111000010001010001

Enter number in base 5 to convert to base 2 (To go back type /back) > /back


Enter two numbers in format: {source base} {target base} (To quit type /exit) > 5 5
Enter number in base 5 to convert to base 5 (To go back type /back) > 1002241311234032421303
Conversion result: 1002241311234032421303

Enter number in base 5 to convert to base 5 (To go back type /back) > /back


Enter two numbers in format: {source base} {target base} (To quit type /exit) > 5 8
Enter number in base 5 to convert to base 8 (To go back type /back) > 42333203213011413040
Conversion result: 2356570470457614

Enter number in base 5 to convert to base 8 (To go back type /back) > /back


Enter two numbers in format: {source base} {target base} (To quit type /exit) > 5 11
Enter number in base 5 to convert to base 11 (To go back type /back) > 421414212322210034324
Conversion result: 113a89a45263520

Enter number in base 5 to convert to base 11 (To go back type /back) > /back


Enter two numbers in format: {source base} {target base} (To quit type /exit) > 5 14
Enter number in base 5 to convert to base 14 (To go back type /back) > 233221334232021334023
Conversion result: 4874305749756

Enter number in base 5 to convert to base 14 (To go back type /back) > /back


Enter two numbers in format: {source base} {target base} (To quit type /exit) > 5 17
Enter number in base 5 to convert to base 17 (To go back type /back) > 313220011304432432313
Conversion result: 94g6580bd7bf

Enter number in base 5 to convert to base 17 (To go back type /back) > /back


Enter two numbers in format: {source base} {target base} (To quit type /exit) > 5 20
Enter number in base 5 to convert to base 20 (To go back type /back) > 341101100012340110021
Conversion result: 1fgg6j57ah46

Enter number in base 5 to convert to base 20 (To go back type /back) > /back


Enter two numbers in format: {source base} {target base} (To quit type /exit) > 5 23
Enter number in base 5 to convert to base 23 (To go back type /back) > 441020201441213420241
Conversion result: b3a56k3k48g

Enter number in base 5 to convert to base 23 (To go back type /back) > /back


Enter two numbers in format: {source base} {target base} (To quit type /exit) > 5 26
Enter number in base 5 to convert to base 26 (To go back type /back) > 34321343144104240104
Conversion result: dljk6p634c

Enter number in base 5 to convert to base 26 (To go back type /back) > /back


Enter two numbers in format: {source base} {target base} (To quit type /exit) > 5 29
Enter number in base 5 to convert to base 29 (To go back type /back) > 141341413343000040030
Conversion result: c8js9e3qp7

Enter number in base 5 to convert to base 29 (To go back type /back) > /back


Enter two numbers in format: {source base} {target base} (To quit type /exit) > 5 32
Enter number in base 5 to convert to base 32 (To go back type /back) > 10241432314012314312
Conversion result: jb08foa0m

Enter number in base 5 to convert to base 32 (To go back type /back) > /back


Enter two numbers in format: {source base} {target base} (To quit type /exit) > 5 35
Enter number in base 5 to convert to base 35 (To go back type /back) > 202421423123240210101
Conversion result: 2jl65tyck1

Enter number in base 5 to convert to base 35 (To go back type /back) > /back


Enter two numbers in format: {source base} {target base} (To quit type /exit) > 8 2
Enter number in base 8 to convert to base 2 (To go back type /back) > 10355333336515775
Conversion result: 1000011101101011011011011011110101001101111111101

Enter number in base 8 to convert to base 2 (To go back type /back) > /back


Enter two numbers in format: {source base} {target base} (To quit type /exit) > 8 5
Enter number in base 8 to convert to base 5 (To go back type /back) > 6006675664742553
Conversion result: 210213000021022334144

Enter number in base 8 to convert to base 5 (To go back type /back) > /back


Enter two numbers in format: {source base} {target base} (To quit type /exit) > 8 8
Enter number in base 8 to convert to base 8 (To go back type /back) > 310765267076627
Conversion result: 310765267076627

Enter number in base 8 to convert to base 8 (To go back type /back) > /back


Enter two numbers in format: {source base} {target base} (To quit type /exit) > 8 11
Enter number in base 8 to convert to base 11 (To go back type /back) > 1327244110742226
Conversion result: 14a1a952598624

Enter number in base 8 to convert to base 11 (To go back type /back) > /back


Enter two numbers in format: {source base} {target base} (To quit type /exit) > 8 14
Enter number in base 8 to convert to base 14 (To go back type /back) > 4651742302443346
Conversion result: 2dda6083a4102

Enter number in base 8 to convert to base 14 (To go back type /back) > /back


Enter two numbers in format: {source base} {target base} (To quit type /exit) > 8 17
Enter number in base 8 to convert to base 17 (To go back type /back) > 4626506520673555
Conversion result: 4fb719ecc0cc

Enter number in base 8 to convert to base 17 (To go back type /back) > /back


Enter two numbers in format: {source base} {target base} (To quit type /exit) > 8 20
Enter number in base 8 to convert to base 20 (To go back type /back) > 14617325074311005
Conversion result: 23i4gjdi1839

Enter number in base 8 to convert to base 20 (To go back type /back) > /back


Enter two numbers in format: {source base} {target base} (To quit type /exit) > 8 23
Enter number in base 8 to convert to base 23 (To go back type /back) > 7704352015531474
Conversion result: 6g01fcm1amb

Enter number in base 8 to convert to base 23 (To go back type /back) > /back


Enter two numbers in format: {source base} {target base} (To quit type /exit) > 8 26
Enter number in base 8 to convert to base 26 (To go back type /back) > 2341164332565771
Conversion result: fl278ialkd

Enter number in base 8 to convert to base 26 (To go back type /back) > /back


Enter two numbers in format: {source base} {target base} (To quit type /exit) > 8 29
Enter number in base 8 to convert to base 29 (To go back type /back) > 13012741544345106
Conversion result: ql54gibhm2

Enter number in base 8 to convert to base 29 (To go back type /back) > /back


Enter two numbers in format: {source base} {target base} (To quit type /exit) > 8 32
Enter number in base 8 to convert to base 32 (To go back type /back) > 14433674624411277
Conversion result: chnnj544lv

Enter number in base 8 to convert to base 32 (To go back type /back) > /back


Enter two numbers in format: {source base} {target base} (To quit type /exit) > 8 35
Enter number in base 8 to convert to base 35 (To go back type /back) > 15277237612467300
Conversion result: 5xxgj8omoe

Enter number in base 8 to convert to base 35 (To go back type /back) > /back


Enter two numbers in format: {source base} {target base} (To quit type /exit) > 11 2
Enter number in base 11 to convert to base 2 (To go back type /back) > 1244240132a34a5
Conversion result: 1101001001011000000101100110100111001101100111011

Enter number in base 11 to convert to base 2 (To go back type /back) > /back


Enter two numbers in format: {source base} {target base} (To quit type /exit) > 11 5
Enter number in base 11 to convert to base 5 (To go back type /back) > 65236748528060
Conversion result: 213243200311412330302

Enter number in base 11 to convert to base 5 (To go back type /back) > /back


Enter two numbers in format: {source base} {target base} (To quit type /exit) > 11 8
Enter number in base 11 to convert to base 8 (To go back type /back) > 95251866183886
Conversion result: 11227744647733750

Enter number in base 11 to convert to base 8 (To go back type /back) > /back


Enter two numbers in format: {source base} {target base} (To quit type /exit) > 11 11
Enter number in base 11 to convert to base 11 (To go back type /back) > 870a395324913a
Conversion result: 870a395324913a

Enter number in base 11 to convert to base 11 (To go back type /back) > /back


Enter two numbers in format: {source base} {target base} (To quit type /exit) > 11 14
Enter number in base 11 to convert to base 14 (To go back type /back) > 1397726558440a
Conversion result: b76713203623

Enter number in base 11 to convert to base 14 (To go back type /back) > /back


Enter two numbers in format: {source base} {target base} (To quit type /exit) > 11 17
Enter number in base 11 to convert to base 17 (To go back type /back) > 58785247549851
Conversion result: 5e2ge210b0ba

Enter number in base 11 to convert to base 17 (To go back type /back) > /back


Enter two numbers in format: {source base} {target base} (To quit type /exit) > 11 20
Enter number in base 11 to convert to base 20 (To go back type /back) > 10a3254a5513480
Conversion result: 204fhfi878c1

Enter number in base 11 to convert to base 20 (To go back type /back) > /back


Enter two numbers in format: {source base} {target base} (To quit type /exit) > 11 23
Enter number in base 11 to convert to base 23 (To go back type /back) > 150488393a3296
Conversion result: 14liff2dfbc

Enter number in base 11 to convert to base 23 (To go back type /back) > /back


Enter two numbers in format: {source base} {target base} (To quit type /exit) > 11 26
Enter number in base 11 to convert to base 26 (To go back type /back) > 28955a3a061aa9
Conversion result: hlm28khh40

Enter number in base 11 to convert to base 26 (To go back type /back) > /back


Enter two numbers in format: {source base} {target base} (To quit type /exit) > 11 29
Enter number in base 11 to convert to base 29 (To go back type /back) > 20966455905a65
Conversion result: 4rec4g7c6a

Enter number in base 11 to convert to base 29 (To go back type /back) > /back


Enter two numbers in format: {source base} {target base} (To quit type /exit) > 11 32
Enter number in base 11 to convert to base 32 (To go back type /back) > 81328132012386
Conversion result: 7us8dm0be8

Enter number in base 11 to convert to base 32 (To go back type /back) > /back


Enter two numbers in format: {source base} {target base} (To quit type /exit) > 11 35
Enter number in base 11 to convert to base 35 (To go back type /back) > 711603566644a2
Conversion result: 33vmufwqfg

Enter number in base 11 to convert to base 35 (To go back type /back) > /back


Enter two numbers in format: {source base} {target base} (To quit type /exit) > 14 2
Enter number in base 14 to convert to base 2 (To go back type /back) > 17ca5c2c75118
Conversion result: 10100001011001001101001010001011111011011100010

Enter number in base 14 to convert to base 2 (To go back type /back) > /back


Enter two numbers in format: {source base} {target base} (To quit type /exit) > 14 5
Enter number in base 14 to convert to base 5 (To go back type /back) > 3496db18bbd93
Conversion result: 144234012022421330434

Enter number in base 14 to convert to base 5 (To go back type /back) > /back


Enter two numbers in format: {source base} {target base} (To quit type /exit) > 14 8
Enter number in base 14 to convert to base 8 (To go back type /back) > 2327347b16bad
Conversion result: 3455310241242705

Enter number in base 14 to convert to base 8 (To go back type /back) > /back


Enter two numbers in format: {source base} {target base} (To quit type /exit) > 14 11
Enter number in base 14 to convert to base 11 (To go back type /back) > 2293a0989bc1d
Conversion result: 36621a55669884

Enter number in base 14 to convert to base 11 (To go back type /back) > /back


Enter two numbers in format: {source base} {target base} (To quit type /exit) > 14 14
Enter number in base 14 to convert to base 14 (To go back type /back) > 179091a8835b4
Conversion result: 179091a8835b4

Enter number in base 14 to convert to base 14 (To go back type /back) > /back


Enter two numbers in format: {source base} {target base} (To quit type /exit) > 14 17
Enter number in base 14 to convert to base 17 (To go back type /back) > 65576b092dd23
Conversion result: a99bcf0gf8b7

Enter number in base 14 to convert to base 17 (To go back type /back) > /back


Enter two numbers in format: {source base} {target base} (To quit type /exit) > 14 20
Enter number in base 14 to convert to base 20 (To go back type /back) > 12d72a2496641
Conversion result: 6e3d8g40981

Enter number in base 14 to convert to base 20 (To go back type /back) > /back


Enter two numbers in format: {source base} {target base} (To quit type /exit) > 14 23
Enter number in base 14 to convert to base 23 (To go back type /back) > 26447b6a83744
Conversion result: 3833h01li7l

Enter number in base 14 to convert to base 23 (To go back type /back) > /back


Enter two numbers in format: {source base} {target base} (To quit type /exit) > 14 26
Enter number in base 14 to convert to base 26 (To go back type /back) > 21507d12b5c50
Conversion result: ln91epo21c

Enter number in base 14 to convert to base 26 (To go back type /back) > /back


Enter two numbers in format: {source base} {target base} (To quit type /exit) > 14 29
Enter number in base 14 to convert to base 29 (To go back type /back) > 381b3ddb42638
Conversion result: dsn6rr4jip

Enter number in base 14 to convert to base 29 (To go back type /back) > /back


Enter two numbers in format: {source base} {target base} (To quit type /exit) > 14 32
Enter number in base 14 to convert to base 32 (To go back type /back) > 7919db5b053d1
Conversion result: cah6rjbe7r

Enter number in base 14 to convert to base 32 (To go back type /back) > /back


Enter two numbers in format: {source base} {target base} (To quit type /exit) > 14 35
Enter number in base 14 to convert to base 35 (To go back type /back) > 401cc2142227c
Conversion result: 2uxavddeec

Enter number in base 14 to convert to base 35 (To go back type /back) > /back


Enter two numbers in format: {source base} {target base} (To quit type /exit) > 17 2
Enter number in base 17 to convert to base 2 (To go back type /back) > 6fceab96a1b7
Conversion result: 110101111110100100100111000111110010010000110000

Enter number in base 17 to convert to base 2 (To go back type /back) > /back


Enter two numbers in format: {source base} {target base} (To quit type /exit) > 17 5
Enter number in base 17 to convert to base 5 (To go back type /back) > 6648a0beb65b
Conversion result: 212101444243433404312

Enter number in base 17 to convert to base 5 (To go back type /back) > /back


Enter two numbers in format: {source base} {target base} (To quit type /exit) > 17 8
Enter number in base 17 to convert to base 8 (To go back type /back) > 5gc6201ddb2b
Conversion result: 5650245305327354

Enter number in base 17 to convert to base 8 (To go back type /back) > /back


Enter two numbers in format: {source base} {target base} (To quit type /exit) > 17 11
Enter number in base 17 to convert to base 11 (To go back type /back) > e0bg911efbgg
Conversion result: 12a373a47322316

Enter number in base 17 to convert to base 11 (To go back type /back) > /back


Enter two numbers in format: {source base} {target base} (To quit type /exit) > 17 14
Enter number in base 17 to convert to base 14 (To go back type /back) > 2be14ef1a2b
Conversion result: 14b0768a4269

Enter number in base 17 to convert to base 14 (To go back type /back) > /back


Enter two numbers in format: {source base} {target base} (To quit type /exit) > 17 17
Enter number in base 17 to convert to base 17 (To go back type /back) > b53gb1bd3e55
Conversion result: b53gb1bd3e55

Enter number in base 17 to convert to base 17 (To go back type /back) > /back


Enter two numbers in format: {source base} {target base} (To quit type /exit) > 17 20
Enter number in base 17 to convert to base 20 (To go back type /back) > 8929b162140c
Conversion result: 18bac41315f5

Enter number in base 17 to convert to base 20 (To go back type /back) > /back


Enter two numbers in format: {source base} {target base} (To quit type /exit) > 17 23
Enter number in base 17 to convert to base 23 (To go back type /back) > 264caca72c9a
Conversion result: 1m1l3f62al4

Enter number in base 17 to convert to base 23 (To go back type /back) > /back


Enter two numbers in format: {source base} {target base} (To quit type /exit) > 17 26
Enter number in base 17 to convert to base 26 (To go back type /back) > 87ac6cgfg7g7
Conversion result: 218ff5knfe4

Enter number in base 17 to convert to base 26 (To go back type /back) > /back


Enter two numbers in format: {source base} {target base} (To quit type /exit) > 17 29
Enter number in base 17 to convert to base 29 (To go back type /back) > 3gcd088g32aa
Conversion result: 9c11kf9jcf

Enter number in base 17 to convert to base 29 (To go back type /back) > /back


Enter two numbers in format: {source base} {target base} (To quit type /exit) > 17 32
Enter number in base 17 to convert to base 32 (To go back type /back) > ae1e02c99328
Conversion result: ahi4tsv0jk

Enter number in base 17 to convert to base 32 (To go back type /back) > /back


Enter two numbers in format: {source base} {target base} (To quit type /exit) > 17 35
Enter number in base 17 to convert to base 35 (To go back type /back) > 55162b377f9f
Conversion result: 2amjaob1fk

Enter number in base 17 to convert to base 35 (To go back type /back) > /back


Enter two numbers in format: {source base} {target base} (To quit type /exit) > /exit
?[1;31m
Start test 5?[0m
Enter two numbers in format: {source base} {target base} (To quit type /exit) > 19 2
Enter number in base 19 to convert to base 2 (To go back type /back) > 3ffee5f5h938
Conversion result: 1100101100001110101010001100011110000101101011001

Enter number in base 19 to convert to base 2 (To go back type /back) > /back


Enter two numbers in format: {source base} {target base} (To quit type /exit) > 19 5
Enter number in base 19 to convert to base 5 (To go back type /back) > 3f8h45ba9390
Conversion result: 431214042041000111441

Enter number in base 19 to convert to base 5 (To go back type /back) > /back


Enter two numbers in format: {source base} {target base} (To quit type /exit) > 19 8
Enter number in base 19 to convert to base 8 (To go back type /back) > eddch8b23ed
Conversion result: 2441371635175012

Enter number in base 19 to convert to base 8 (To go back type /back) > /back


Enter two numbers in format: {source base} {target base} (To quit type /exit) > 19 11
Enter number in base 19 to convert to base 11 (To go back type /back) > 198cigad03e2
Conversion result: 50657198639654

Enter number in base 19 to convert to base 11 (To go back type /back) > /back


Enter two numbers in format: {source base} {target base} (To quit type /exit) > 19 14
Enter number in base 19 to convert to base 14 (To go back type /back) > 3242f8fhif0i
Conversion result: 6592a756804b1

Enter number in base 19 to convert to base 14 (To go back type /back) > /back


Enter two numbers in format: {source base} {target base} (To quit type /exit) > 19 17
Enter number in base 19 to convert to base 17 (To go back type /back) > 1c99291b7c0f
Conversion result: 5ad8d476ddb1

Enter number in base 19 to convert to base 17 (To go back type /back) > /back


Enter two numbers in format: {source base} {target base} (To quit type /exit) > 19 20
Enter number in base 19 to convert to base 20 (To go back type /back) > 18f570ad4i30
Conversion result: gcijiab94c4

Enter number in base 19 to convert to base 20 (To go back type /back) > /back


Enter two numbers in format: {source base} {target base} (To quit type /exit) > 19 23
Enter number in base 19 to convert to base 23 (To go back type /back) > 21f42ah901b7
Conversion result: 5kb1bb3k7fj

Enter number in base 19 to convert to base 23 (To go back type /back) > /back


Enter two numbers in format: {source base} {target base} (To quit type /exit) > 19 26
Enter number in base 19 to convert to base 26 (To go back type /back) > 3fdead35h14a
Conversion result: 34343h0adgk

Enter number in base 19 to convert to base 26 (To go back type /back) > /back


Enter two numbers in format: {source base} {target base} (To quit type /exit) > 19 29
Enter number in base 19 to convert to base 29 (To go back type /back) > 24e0d06i7cd0
Conversion result: i1ne4okjs4

Enter number in base 19 to convert to base 29 (To go back type /back) > /back


Enter two numbers in format: {source base} {target base} (To quit type /exit) > 19 32
Enter number in base 19 to convert to base 32 (To go back type /back) > 3d8g989a3a22
Conversion result: c8tt5nh1n1

Enter number in base 19 to convert to base 32 (To go back type /back) > /back


Enter two numbers in format: {source base} {target base} (To quit type /exit) > 19 35
Enter number in base 19 to convert to base 35 (To go back type /back) > 66h12d6ad0g
Conversion result: hbcb9moff

Enter number in base 19 to convert to base 35 (To go back type /back) > /back


Enter two numbers in format: {source base} {target base} (To quit type /exit) > 22 2
Enter number in base 22 to convert to base 2 (To go back type /back) > e0f009ca8bh
Conversion result: 1010100101110111100101000011110100111101000110011

Enter number in base 22 to convert to base 2 (To go back type /back) > /back


Enter two numbers in format: {source base} {target base} (To quit type /exit) > 22 5
Enter number in base 22 to convert to base 5 (To go back type /back) > 3fi5fak02i4
Conversion result: 100422042030033404413

Enter number in base 22 to convert to base 5 (To go back type /back) > /back


Enter two numbers in format: {source base} {target base} (To quit type /exit) > 22 8
Enter number in base 22 to convert to base 8 (To go back type /back) > cbcif9237l9
Conversion result: 11351367311151433

Enter number in base 22 to convert to base 8 (To go back type /back) > /back


Enter two numbers in format: {source base} {target base} (To quit type /exit) > 22 11
Enter number in base 22 to convert to base 11 (To go back type /back) > dc53fb45587
Conversion result: a47a5312618a57

Enter number in base 22 to convert to base 11 (To go back type /back) > /back


Enter two numbers in format: {source base} {target base} (To quit type /exit) > 22 14
Enter number in base 22 to convert to base 14 (To go back type /back) > 6801g44bfhg
Conversion result: 2da49d0a16150

Enter number in base 22 to convert to base 14 (To go back type /back) > /back


Enter two numbers in format: {source base} {target base} (To quit type /exit) > 22 17
Enter number in base 22 to convert to base 17 (To go back type /back) > fa9h0kblcd5
Conversion result: bgee7gb03ac9

Enter number in base 22 to convert to base 17 (To go back type /back) > /back


Enter two numbers in format: {source base} {target base} (To quit type /exit) > 22 20
Enter number in base 22 to convert to base 20 (To go back type /back) > f03674k98k1
Conversion result: 1ii9a0h1h60h

Enter number in base 22 to convert to base 20 (To go back type /back) > /back


Enter two numbers in format: {source base} {target base} (To quit type /exit) > 22 23
Enter number in base 22 to convert to base 23 (To go back type /back) > a9i3e4jigf9
Conversion result: 6g11fa5mk9e

Enter number in base 22 to convert to base 23 (To go back type /back) > /back


Enter two numbers in format: {source base} {target base} (To quit type /exit) > 22 26
Enter number in base 22 to convert to base 26 (To go back type /back) > fc2f3gbef1f
Conversion result: 2o1mip20c81

Enter number in base 22 to convert to base 26 (To go back type /back) > /back


Enter two numbers in format: {source base} {target base} (To quit type /exit) > 22 29
Enter number in base 22 to convert to base 29 (To go back type /back) > 8b7kha09i48
Conversion result: fh4p4egied

Enter number in base 22 to convert to base 29 (To go back type /back) > /back


Enter two numbers in format: {source base} {target base} (To quit type /exit) > 22 32
Enter number in base 22 to convert to base 32 (To go back type /back) > 756077k8da1
Conversion result: 5es867qkmh

Enter number in base 22 to convert to base 32 (To go back type /back) > /back


Enter two numbers in format: {source base} {target base} (To quit type /exit) > 22 35
Enter number in base 22 to convert to base 35 (To go back type /back) > dcl0b2fcah7
Conversion result: 4k9m65h0cm

Enter number in base 22 to convert to base 35 (To go back type /back) > /back


Enter two numbers in format: {source base} {target base} (To quit type /exit) > 25 2
Enter number in base 25 to convert to base 2 (To go back type /back) > 20ogcch2lgl
Conversion result: 101100001110010100000101010001011110011101101111

Enter number in base 25 to convert to base 2 (To go back type /back) > /back


Enter two numbers in format: {source base} {target base} (To quit type /exit) > 25 5
Enter number in base 25 to convert to base 5 (To go back type /back) > 2433gdf22nl
Conversion result: 204030331233002024341

Enter number in base 25 to convert to base 5 (To go back type /back) > /back


Enter two numbers in format: {source base} {target base} (To quit type /exit) > 25 8
Enter number in base 25 to convert to base 8 (To go back type /back) > 3l2ak5naa45
Conversion result: 12326361315311621

Enter number in base 25 to convert to base 8 (To go back type /back) > /back


Enter two numbers in format: {source base} {target base} (To quit type /exit) > 25 11
Enter number in base 25 to convert to base 11 (To go back type /back) > 12b98h8e66m
Conversion result: 3040981462a708

Enter number in base 25 to convert to base 11 (To go back type /back) > /back


Enter two numbers in format: {source base} {target base} (To quit type /exit) > 25 14
Enter number in base 25 to convert to base 14 (To go back type /back) > 52le9dgdjek
Conversion result: 886390887060a

Enter number in base 25 to convert to base 14 (To go back type /back) > /back


Enter two numbers in format: {source base} {target base} (To quit type /exit) > 25 17
Enter number in base 25 to convert to base 17 (To go back type /back) > 1ei510d4cci
Conversion result: 472g56ad9g7b

Enter number in base 25 to convert to base 17 (To go back type /back) > /back


Enter two numbers in format: {source base} {target base} (To quit type /exit) > 25 20
Enter number in base 25 to convert to base 20 (To go back type /back) > 3gif7kd3h5j
Conversion result: 1e3aji761574

Enter number in base 25 to convert to base 20 (To go back type /back) > /back


Enter two numbers in format: {source base} {target base} (To quit type /exit) > 25 23
Enter number in base 25 to convert to base 23 (To go back type /back) > 22800n3do3l
Conversion result: 4iie7e90bdd

Enter number in base 25 to convert to base 23 (To go back type /back) > /back


Enter two numbers in format: {source base} {target base} (To quit type /exit) > 25 26
Enter number in base 25 to convert to base 26 (To go back type /back) > lckm6b90g6
Conversion result: f2pk1f4jp5

Enter number in base 25 to convert to base 26 (To go back type /back) > /back


Enter two numbers in format: {source base} {target base} (To quit type /exit) > 25 29
Enter number in base 25 to convert to base 29 (To go back type /back) > m73c9j63gf
Conversion result: 5or9287aoo

Enter number in base 25 to convert to base 29 (To go back type /back) > /back


Enter two numbers in format: {source base} {target base} (To quit type /exit) > 25 32
Enter number in base 25 to convert to base 32 (To go back type /back) > 3n7gg2en065
Conversion result: al279usit3

Enter number in base 25 to convert to base 32 (To go back type /back) > /back


Enter two numbers in format: {source base} {target base} (To quit type /exit) > 25 35
Enter number in base 25 to convert to base 35 (To go back type /back) > 35d05oh7kbj
Conversion result: 3ve2qqtmyt

Enter number in base 25 to convert to base 35 (To go back type /back) > /back


Enter two numbers in format: {source base} {target base} (To quit type /exit) > 28 2
Enter number in base 28 to convert to base 2 (To go back type /back) > 2qk917j60g
Conversion result: 111000110110011100010011101010100001010110000

Enter number in base 28 to convert to base 2 (To go back type /back) > /back


Enter two numbers in format: {source base} {target base} (To quit type /exit) > 28 5
Enter number in base 28 to convert to base 5 (To go back type /back) > r0mccj2b36
Conversion result: 244434013011430432201

Enter number in base 28 to convert to base 5 (To go back type /back) > /back


Enter two numbers in format: {source base} {target base} (To quit type /exit) > 28 8
Enter number in base 28 to convert to base 8 (To go back type /back) > 13b33d12dcr
Conversion result: 11341102074710673

Enter number in base 28 to convert to base 8 (To go back type /back) > /back


Enter two numbers in format: {source base} {target base} (To quit type /exit) > 28 11
Enter number in base 28 to convert to base 11 (To go back type /back) > me3fcgbl8k
Conversion result: 69944035387a00

Enter number in base 28 to convert to base 11 (To go back type /back) > /back


Enter two numbers in format: {source base} {target base} (To quit type /exit) > 28 14
Enter number in base 28 to convert to base 14 (To go back type /back) > e88bjh38c2
Conversion result: 294bad6b7c5a2

Enter number in base 28 to convert to base 14 (To go back type /back) > /back


Enter two numbers in format: {source base} {target base} (To quit type /exit) > 28 17
Enter number in base 28 to convert to base 17 (To go back type /back) > 1ddh22r49gm
Conversion result: cdbbg30688d1

Enter number in base 28 to convert to base 17 (To go back type /back) > /back


Enter two numbers in format: {source base} {target base} (To quit type /exit) > 28 20
Enter number in base 28 to convert to base 20 (To go back type /back) > oi7f0q9iim
Conversion result: 1596i6fbh826

Enter number in base 28 to convert to base 20 (To go back type /back) > /back


Enter two numbers in format: {source base} {target base} (To quit type /exit) > 28 23
Enter number in base 28 to convert to base 23 (To go back type /back) > 83gppm6kai
Conversion result: 21h13ii04d7

Enter number in base 28 to convert to base 23 (To go back type /back) > /back


Enter two numbers in format: {source base} {target base} (To quit type /exit) > 28 26
Enter number in base 28 to convert to base 26 (To go back type /back) > 1j6ac9n82qr
Conversion result: 3e0a1d6gj6b

Enter number in base 28 to convert to base 26 (To go back type /back) > /back


Enter two numbers in format: {source base} {target base} (To quit type /exit) > 28 29
Enter number in base 28 to convert to base 29 (To go back type /back) > ffli6q0936
Conversion result: ba35aljfo0

Enter number in base 28 to convert to base 29 (To go back type /back) > /back


Enter two numbers in format: {source base} {target base} (To quit type /exit) > 28 32
Enter number in base 28 to convert to base 32 (To go back type /back) > 4270894f07
Conversion result: 1787k2q3fn

Enter number in base 28 to convert to base 32 (To go back type /back) > /back


Enter two numbers in format: {source base} {target base} (To quit type /exit) > 28 35
Enter number in base 28 to convert to base 35 (To go back type /back) > 625e5jhkg0
Conversion result: sjdy5fi77

Enter number in base 28 to convert to base 35 (To go back type /back) > /back


Enter two numbers in format: {source base} {target base} (To quit type /exit) > 31 2
Enter number in base 31 to convert to base 2 (To go back type /back) > 2rr7a0racr
Conversion result: 10001011011100000000011111100101101010011111001

Enter number in base 31 to convert to base 2 (To go back type /back) > /back


Enter two numbers in format: {source base} {target base} (To quit type /exit) > 31 5
Enter number in base 31 to convert to base 5 (To go back type /back) > dst6g2bplc
Conversion result: 341241330030141443343

Enter number in base 31 to convert to base 5 (To go back type /back) > /back


Enter two numbers in format: {source base} {target base} (To quit type /exit) > 31 8
Enter number in base 31 to convert to base 8 (To go back type /back) > 1261gsls76
Conversion result: 633773570324556

Enter number in base 31 to convert to base 8 (To go back type /back) > /back


Enter two numbers in format: {source base} {target base} (To quit type /exit) > 31 11
Enter number in base 31 to convert to base 11 (To go back type /back) > 85gt4fg29m
Conversion result: 629a3060684002

Enter number in base 31 to convert to base 11 (To go back type /back) > /back


Enter two numbers in format: {source base} {target base} (To quit type /exit) > 31 14
Enter number in base 31 to convert to base 14 (To go back type /back) > 6r7rgcj188
Conversion result: 32cb2644ad551

Enter number in base 31 to convert to base 14 (To go back type /back) > /back


Enter two numbers in format: {source base} {target base} (To quit type /exit) > 31 17
Enter number in base 31 to convert to base 17 (To go back type /back) > cokkrag2um
Conversion result: 9ede82e7cfcd

Enter number in base 31 to convert to base 17 (To go back type /back) > /back


Enter two numbers in format: {source base} {target base} (To quit type /exit) > 31 20
Enter number in base 31 to convert to base 20 (To go back type /back) > cete7msr8g
Conversion result: 1c4bd36abh2h

Enter number in base 31 to convert to base 20 (To go back type /back) > /back


Enter two numbers in format: {source base} {target base} (To quit type /exit) > 31 23
Enter number in base 31 to convert to base 23 (To go back type /back) > bajg1j2ph3
Conversion result: 75be8jbmfcb

Enter number in base 31 to convert to base 23 (To go back type /back) > /back


Enter two numbers in format: {source base} {target base} (To quit type /exit) > 31 26
Enter number in base 31 to convert to base 26 (To go back type /back) > 73lh396l1u
Conversion result: 18h9b8mp322

Enter number in base 31 to convert to base 26 (To go back type /back) > /back


Enter two numbers in format: {source base} {target base} (To quit type /exit) > 31 29
Enter number in base 31 to convert to base 29 (To go back type /back) > 3b2ocfb5nf
Conversion result: 63dfrfske6

Enter number in base 31 to convert to base 29 (To go back type /back) > /back


Enter two numbers in format: {source base} {target base} (To quit type /exit) > 31 32
Enter number in base 31 to convert to base 32 (To go back type /back) > bp1iel77ij
Conversion result: 8ru8pfe727

Enter number in base 31 to convert to base 32 (To go back type /back) > /back


Enter two numbers in format: {source base} {target base} (To quit type /exit) > 31 35
Enter number in base 31 to convert to base 35 (To go back type /back) > 4415qrn9i2
Conversion result: 1dhabh4tre

Enter number in base 31 to convert to base 35 (To go back type /back) > /back


Enter two numbers in format: {source base} {target base} (To quit type /exit) > 34 2
Enter number in base 34 to convert to base 2 (To go back type /back) > 1w6vwcq1ue
Conversion result: 11010111000011011011000001111100101100111011110

Enter number in base 34 to convert to base 2 (To go back type /back) > /back


Enter two numbers in format: {source base} {target base} (To quit type /exit) > 34 5
Enter number in base 34 to convert to base 5 (To go back type /back) > 4802fm6bwg
Conversion result: 232201234314003004002

Enter number in base 34 to convert to base 5 (To go back type /back) > /back


Enter two numbers in format: {source base} {target base} (To quit type /exit) > 34 8
Enter number in base 34 to convert to base 8 (To go back type /back) > 53bnth5ebg
Conversion result: 10630513134151526

Enter number in base 34 to convert to base 8 (To go back type /back) > /back


Enter two numbers in format: {source base} {target base} (To quit type /exit) > 34 11
Enter number in base 34 to convert to base 11 (To go back type /back) > 4lr3chu8si
Conversion result: 818738042552a3

Enter number in base 34 to convert to base 11 (To go back type /back) > /back


Enter two numbers in format: {source base} {target base} (To quit type /exit) > 34 14
Enter number in base 34 to convert to base 14 (To go back type /back) > 41eehu5ok2
Conversion result: 4485da5402534

Enter number in base 34 to convert to base 14 (To go back type /back) > /back


Enter two numbers in format: {source base} {target base} (To quit type /exit) > 34 17
Enter number in base 34 to convert to base 17 (To go back type /back) > 6oad919un5
Conversion result: bf403g03b3c5

Enter number in base 34 to convert to base 17 (To go back type /back) > /back


Enter two numbers in format: {source base} {target base} (To quit type /exit) > 34 20
Enter number in base 34 to convert to base 20 (To go back type /back) > 5pa00qtisa
Conversion result: 1e134i2f7g42

Enter number in base 34 to convert to base 20 (To go back type /back) > /back


Enter two numbers in format: {source base} {target base} (To quit type /exit) > 34 23
Enter number in base 34 to convert to base 23 (To go back type /back) > 82v0hepe8f
Conversion result: bjd1aedk985

Enter number in base 34 to convert to base 23 (To go back type /back) > /back


Enter two numbers in format: {source base} {target base} (To quit type /exit) > 34 26
Enter number in base 34 to convert to base 26 (To go back type /back) > 1ttret9bxj
Conversion result: l0692d1odf

Enter number in base 34 to convert to base 26 (To go back type /back) > /back


Enter two numbers in format: {source base} {target base} (To quit type /exit) > 34 29
Enter number in base 34 to convert to base 29 (To go back type /back) > 6jwu272cx3
Conversion result: rgf61fbm5b

Enter number in base 34 to convert to base 29 (To go back type /back) > /back


Enter two numbers in format: {source base} {target base} (To quit type /exit) > 34 32
Enter number in base 34 to convert to base 32 (To go back type /back) > 75oogk0vf9
Conversion result: cbrampi1i3

Enter number in base 34 to convert to base 32 (To go back type /back) > /back


Enter two numbers in format: {source base} {target base} (To quit type /exit) > 34 35
Enter number in base 34 to convert to base 35 (To go back type /back) > 7x7gin51hq
Conversion result: 652xfq32qa

Enter number in base 34 to convert to base 35 (To go back type /back) > /back


Enter two numbers in format: {source base} {target base} (To quit type /exit) > /exit
?[1;31m
Start test 6?[0m
Enter two numbers in format: {source base} {target base} (To quit type /exit) > 2 5
Enter number in base 2 to convert to base 5 (To go back type /back) > 111001111.11000
Conversion result: 3323.33333

Enter number in base 2 to convert to base 5 (To go back type /back) > /back


Enter two numbers in format: {source base} {target base} (To quit type /exit) > 2 8
Enter number in base 2 to convert to base 8 (To go back type /back) > 1011111010.11000
Conversion result: 1372.60000

Enter number in base 2 to convert to base 8 (To go back type /back) > /back


Enter two numbers in format: {source base} {target base} (To quit type /exit) > 2 11
Enter number in base 2 to convert to base 11 (To go back type /back) > 1100100000.11000
Conversion result: 668.82828

Enter number in base 2 to convert to base 11 (To go back type /back) > /back


Enter two numbers in format: {source base} {target base} (To quit type /exit) > 2 14
Enter number in base 2 to convert to base 14 (To go back type /back) > 110010101.01000
Conversion result: 20d.37000

Enter number in base 2 to convert to base 14 (To go back type /back) > /back


Enter two numbers in format: {source base} {target base} (To quit type /exit) > 2 17
Enter number in base 2 to convert to base 17 (To go back type /back) > 1011100010.01000
Conversion result: 297.44444

Enter number in base 2 to convert to base 17 (To go back type /back) > /back


Enter two numbers in format: {source base} {target base} (To quit type /exit) > 2 20
Enter number in base 2 to convert to base 20 (To go back type /back) > 1001001001.10000
Conversion result: 195.a0000

Enter number in base 2 to convert to base 20 (To go back type /back) > /back


Enter two numbers in format: {source base} {target base} (To quit type /exit) > 2 23
Enter number in base 2 to convert to base 23 (To go back type /back) > 10001000.10000
Conversion result: 5l.bbbbb

Enter number in base 2 to convert to base 23 (To go back type /back) > /back


Enter two numbers in format: {source base} {target base} (To quit type /exit) > 2 26
Enter number in base 2 to convert to base 26 (To go back type /back) > 110011000.00000
Conversion result: fi.00000

Enter number in base 2 to convert to base 26 (To go back type /back) > /back


Enter two numbers in format: {source base} {target base} (To quit type /exit) > 2 29
Enter number in base 2 to convert to base 29 (To go back type /back) > 1110111.00000
Conversion result: 43.00000

Enter number in base 2 to convert to base 29 (To go back type /back) > /back


Enter two numbers in format: {source base} {target base} (To quit type /exit) > 2 32
Enter number in base 2 to convert to base 32 (To go back type /back) > 1000111111.00000
Conversion result: hv.00000

Enter number in base 2 to convert to base 32 (To go back type /back) > /back


Enter two numbers in format: {source base} {target base} (To quit type /exit) > 2 35
Enter number in base 2 to convert to base 35 (To go back type /back) > 1101000010.01000
Conversion result: nt.8q8q8

Enter number in base 2 to convert to base 35 (To go back type /back) > /back


Enter two numbers in format: {source base} {target base} (To quit type /exit) > 5 2
Enter number in base 5 to convert to base 2 (To go back type /back) > 4104.01430
Conversion result: 1000010001.00010

Enter number in base 5 to convert to base 2 (To go back type /back) > /back


Enter two numbers in format: {source base} {target base} (To quit type /exit) > 5 8
Enter number in base 5 to convert to base 8 (To go back type /back) > 11410.32231
Conversion result: 1527.54676

Enter number in base 5 to convert to base 8 (To go back type /back) > /back


Enter two numbers in format: {source base} {target base} (To quit type /exit) > 5 11
Enter number in base 5 to convert to base 11 (To go back type /back) > 2424.40123
Conversion result: 301.8a2a9

Enter number in base 5 to convert to base 11 (To go back type /back) > /back


Enter two numbers in format: {source base} {target base} (To quit type /exit) > 5 14
Enter number in base 5 to convert to base 14 (To go back type /back) > 10233.43412
Conversion result: 377.d5061

Enter number in base 5 to convert to base 14 (To go back type /back) > /back


Enter two numbers in format: {source base} {target base} (To quit type /exit) > 5 17
Enter number in base 5 to convert to base 17 (To go back type /back) > 4231.23300
Conversion result: 1g5.943b7

Enter number in base 5 to convert to base 17 (To go back type /back) > /back


Enter two numbers in format: {source base} {target base} (To quit type /exit) > 5 20
Enter number in base 5 to convert to base 20 (To go back type /back) > 12222.13412
Conversion result: 26h.71di8

Enter number in base 5 to convert to base 20 (To go back type /back) > /back


Enter two numbers in format: {source base} {target base} (To quit type /exit) > 5 23
Enter number in base 5 to convert to base 23 (To go back type /back) > 4342.21433
Conversion result: 12m.amgkj

Enter number in base 5 to convert to base 23 (To go back type /back) > /back


Enter two numbers in format: {source base} {target base} (To quit type /exit) > 5 26
Enter number in base 5 to convert to base 26 (To go back type /back) > 4330.02213
Conversion result: mi.2eg7e

Enter number in base 5 to convert to base 26 (To go back type /back) > /back


Enter two numbers in format: {source base} {target base} (To quit type /exit) > 5 29
Enter number in base 5 to convert to base 29 (To go back type /back) > 4244.33031
Conversion result: jn.l0nrh

Enter number in base 5 to convert to base 29 (To go back type /back) > /back


Enter two numbers in format: {source base} {target base} (To quit type /exit) > 5 32
Enter number in base 5 to convert to base 32 (To go back type /back) > 3344.13101
Conversion result: eq.ag6cf

Enter number in base 5 to convert to base 32 (To go back type /back) > /back


Enter two numbers in format: {source base} {target base} (To quit type /exit) > 5 35
Enter number in base 5 to convert to base 35 (To go back type /back) > 12032.03031
Conversion result: ph.4d9i7

Enter number in base 5 to convert to base 35 (To go back type /back) > /back


Enter two numbers in format: {source base} {target base} (To quit type /exit) > 8 2
Enter number in base 8 to convert to base 2 (To go back type /back) > 362.42364266
Conversion result: 11110010.10001

Enter number in base 8 to convert to base 2 (To go back type /back) > /back


Enter two numbers in format: {source base} {target base} (To quit type /exit) > 8 5
Enter number in base 8 to convert to base 5 (To go back type /back) > 705.27665332
Conversion result: 3303.14124

Enter number in base 8 to convert to base 5 (To go back type /back) > /back


Enter two numbers in format: {source base} {target base} (To quit type /exit) > 8 11
Enter number in base 8 to convert to base 11 (To go back type /back) > 740.62656703
Conversion result: 3a7.88138

Enter number in base 8 to convert to base 11 (To go back type /back) > /back


Enter two numbers in format: {source base} {target base} (To quit type /exit) > 8 14
Enter number in base 8 to convert to base 14 (To go back type /back) > 1662.25204773
Conversion result: 4b8.49170

Enter number in base 8 to convert to base 14 (To go back type /back) > /back


Enter two numbers in format: {source base} {target base} (To quit type /exit) > 8 17
Enter number in base 8 to convert to base 17 (To go back type /back) > 1345.21400265
Conversion result: 29a.4b07d

Enter number in base 8 to convert to base 17 (To go back type /back) > /back


Enter two numbers in format: {source base} {target base} (To quit type /exit) > 8 20
Enter number in base 8 to convert to base 20 (To go back type /back) > 1426.14641376
Conversion result: 1ja.401i8

Enter number in base 8 to convert to base 20 (To go back type /back) > /back


Enter two numbers in format: {source base} {target base} (To quit type /exit) > 8 23
Enter number in base 8 to convert to base 23 (To go back type /back) > 1137.00510545
Conversion result: 139.0570i

Enter number in base 8 to convert to base 23 (To go back type /back) > /back


Enter two numbers in format: {source base} {target base} (To quit type /exit) > 8 26
Enter number in base 8 to convert to base 26 (To go back type /back) > 1633.02452602
Conversion result: 19d.117e3

Enter number in base 8 to convert to base 26 (To go back type /back) > /back


Enter two numbers in format: {source base} {target base} (To quit type /exit) > 8 29
Enter number in base 8 to convert to base 29 (To go back type /back) > 1376.23553762
Conversion result: qc.8r09b

Enter number in base 8 to convert to base 29 (To go back type /back) > /back


Enter two numbers in format: {source base} {target base} (To quit type /exit) > 8 32
Enter number in base 8 to convert to base 32 (To go back type /back) > 1324.50343042
Conversion result: mk.k732k

Enter number in base 8 to convert to base 32 (To go back type /back) > /back


Enter two numbers in format: {source base} {target base} (To quit type /exit) > 8 35
Enter number in base 8 to convert to base 35 (To go back type /back) > 1432.11170001
Conversion result: mo.51qf6

Enter number in base 8 to convert to base 35 (To go back type /back) > /back


Enter two numbers in format: {source base} {target base} (To quit type /exit) > 11 2
Enter number in base 11 to convert to base 2 (To go back type /back) > 64a.07217578518
Conversion result: 1100001100.00001

Enter number in base 11 to convert to base 2 (To go back type /back) > /back


Enter two numbers in format: {source base} {target base} (To quit type /exit) > 11 5
Enter number in base 11 to convert to base 5 (To go back type /back) > 22.806a8215101
Conversion result: 44.33124

Enter number in base 11 to convert to base 5 (To go back type /back) > /back


Enter two numbers in format: {source base} {target base} (To quit type /exit) > 11 8
Enter number in base 11 to convert to base 8 (To go back type /back) > 776.0936a841299
Conversion result: 1642.04736

Enter number in base 11 to convert to base 8 (To go back type /back) > /back


Enter two numbers in format: {source base} {target base} (To quit type /exit) > 11 14
Enter number in base 11 to convert to base 14 (To go back type /back) > 243.826636225aa
Conversion result: 169.a6a78

Enter number in base 11 to convert to base 14 (To go back type /back) > /back


Enter two numbers in format: {source base} {target base} (To quit type /exit) > 11 17
Enter number in base 11 to convert to base 17 (To go back type /back) > 520.1682189566a
Conversion result: 22f.28686

Enter number in base 11 to convert to base 17 (To go back type /back) > /back


Enter two numbers in format: {source base} {target base} (To quit type /exit) > 11 20
Enter number in base 11 to convert to base 20 (To go back type /back) > 16a.8a239851740
Conversion result: 9h.g4da8

Enter number in base 11 to convert to base 20 (To go back type /back) > /back


Enter two numbers in format: {source base} {target base} (To quit type /exit) > 11 23
Enter number in base 11 to convert to base 23 (To go back type /back) > 348.82267574592
Conversion result: i1.h3bf5

Enter number in base 11 to convert to base 23 (To go back type /back) > /back


Enter two numbers in format: {source base} {target base} (To quit type /exit) > 11 26
Enter number in base 11 to convert to base 26 (To go back type /back) > 724.80970195aa2
Conversion result: 17f.j2djb

Enter number in base 11 to convert to base 26 (To go back type /back) > /back


Enter two numbers in format: {source base} {target base} (To quit type /exit) > 11 29
Enter number in base 11 to convert to base 29 (To go back type /back) > 582.8940929755a
Conversion result: ns.n9m94

Enter number in base 11 to convert to base 29 (To go back type /back) > /back


Enter two numbers in format: {source base} {target base} (To quit type /exit) > 11 32
Enter number in base 11 to convert to base 32 (To go back type /back) > 608.318581509a0
Conversion result: mu.96968

Enter number in base 11 to convert to base 32 (To go back type /back) > /back


Enter two numbers in format: {source base} {target base} (To quit type /exit) > 11 35
Enter number in base 11 to convert to base 35 (To go back type /back) > 4a8.58699a6a111
Conversion result: h7.ie5sm

Enter number in base 11 to convert to base 35 (To go back type /back) > /back


Enter two numbers in format: {source base} {target base} (To quit type /exit) > 14 2
Enter number in base 14 to convert to base 2 (To go back type /back) > 2d4.4b7168b062465d
Conversion result: 1001000010.01011

Enter number in base 14 to convert to base 2 (To go back type /back) > /back


Enter two numbers in format: {source base} {target base} (To quit type /exit) > 14 5
Enter number in base 14 to convert to base 5 (To go back type /back) > 478.668ab90cc608d3
Conversion result: 12030.21234

Enter number in base 14 to convert to base 5 (To go back type /back) > /back


Enter two numbers in format: {source base} {target base} (To quit type /exit) > 14 8
Enter number in base 14 to convert to base 8 (To go back type /back) > 2cb.34881495a5a692
Conversion result: 1073.17160

Enter number in base 14 to convert to base 8 (To go back type /back) > /back


Enter two numbers in format: {source base} {target base} (To quit type /exit) > 14 11
Enter number in base 14 to convert to base 11 (To go back type /back) > 2a3.811c47a91b4ca5
Conversion result: 447.63930

Enter number in base 14 to convert to base 11 (To go back type /back) > /back


Enter two numbers in format: {source base} {target base} (To quit type /exit) > 14 17
Enter number in base 14 to convert to base 17 (To go back type /back) > 361.d65560c97052c9
Conversion result: 25a.g5d23

Enter number in base 14 to convert to base 17 (To go back type /back) > /back


Enter two numbers in format: {source base} {target base} (To quit type /exit) > 14 20
Enter number in base 14 to convert to base 20 (To go back type /back) > bc.d49cd6d5907b00
Conversion result: 86.j10g0

Enter number in base 14 to convert to base 20 (To go back type /back) > /back


Enter two numbers in format: {source base} {target base} (To quit type /exit) > 14 23
Enter number in base 14 to convert to base 23 (To go back type /back) > 452.0803b9b90a83da
Conversion result: 1e5.0lek2

Enter number in base 14 to convert to base 23 (To go back type /back) > /back


Enter two numbers in format: {source base} {target base} (To quit type /exit) > 14 26
Enter number in base 14 to convert to base 26 (To go back type /back) > 487.d7419d5160bb35
Conversion result: 18j.p2mim

Enter number in base 14 to convert to base 26 (To go back type /back) > /back


Enter two numbers in format: {source base} {target base} (To quit type /exit) > 14 29
Enter number in base 14 to convert to base 29 (To go back type /back) > 1.a4a8118ac89b02
Conversion result: 1.lc3eb

Enter number in base 14 to convert to base 29 (To go back type /back) > /back


Enter two numbers in format: {source base} {target base} (To quit type /exit) > 14 32
Enter number in base 14 to convert to base 32 (To go back type /back) > 3ad.c52987119b676c
Conversion result: n5.s8r3m

Enter number in base 14 to convert to base 32 (To go back type /back) > /back


Enter two numbers in format: {source base} {target base} (To quit type /exit) > 14 35
Enter number in base 14 to convert to base 35 (To go back type /back) > 3d4.b2b5b280342dbc
Conversion result: m4.s03f1

Enter number in base 14 to convert to base 35 (To go back type /back) > /back


Enter two numbers in format: {source base} {target base} (To quit type /exit) > 17 2
Enter number in base 17 to convert to base 2 (To go back type /back) > 2a0.01e969a8a1adfbe3d
Conversion result: 1011101100.00000

Enter number in base 17 to convert to base 2 (To go back type /back) > /back


Enter two numbers in format: {source base} {target base} (To quit type /exit) > 17 5
Enter number in base 17 to convert to base 5 (To go back type /back) > 157.e063d7745gde6d479
Conversion result: 3011.40302

Enter number in base 17 to convert to base 5 (To go back type /back) > /back


Enter two numbers in format: {source base} {target base} (To quit type /exit) > 17 8
Enter number in base 17 to convert to base 8 (To go back type /back) > 1f1.33757g4398a354883
Conversion result: 1041.14033

Enter number in base 17 to convert to base 8 (To go back type /back) > /back


Enter two numbers in format: {source base} {target base} (To quit type /exit) > 17 11
Enter number in base 17 to convert to base 11 (To go back type /back) > 152.6f0a2e66360ggd63e
Conversion result: 312.45001

Enter number in base 17 to convert to base 11 (To go back type /back) > /back


Enter two numbers in format: {source base} {target base} (To quit type /exit) > 17 14
Enter number in base 17 to convert to base 14 (To go back type /back) > 25c.686e0b93g36ae00c9
Conversion result: 363.54c34

Enter number in base 17 to convert to base 14 (To go back type /back) > /back


Enter two numbers in format: {source base} {target base} (To quit type /exit) > 17 20
Enter number in base 17 to convert to base 20 (To go back type /back) > 5.64babb0ea77acgf32
Conversion result: 5.77d40

Enter number in base 17 to convert to base 20 (To go back type /back) > /back


Enter two numbers in format: {source base} {target base} (To quit type /exit) > 17 23
Enter number in base 17 to convert to base 23 (To go back type /back) > 358.57ddac49eg9bec08g
Conversion result: 1ih.78k9l

Enter number in base 17 to convert to base 23 (To go back type /back) > /back


Enter two numbers in format: {source base} {target base} (To quit type /exit) > 17 26
Enter number in base 17 to convert to base 26 (To go back type /back) > 125.9768f50d2ab23188a
Conversion result: cg.eb43p

Enter number in base 17 to convert to base 26 (To go back type /back) > /back


Enter two numbers in format: {source base} {target base} (To quit type /exit) > 17 29
Enter number in base 17 to convert to base 29 (To go back type /back) > 11e.0g33383908f218036
Conversion result: b1.1i30n

Enter number in base 17 to convert to base 29 (To go back type /back) > /back


Enter two numbers in format: {source base} {target base} (To quit type /exit) > 17 32
Enter number in base 17 to convert to base 32 (To go back type /back) > 2g5.4daa3a48fa9cd961f
Conversion result: qn.916vp

Enter number in base 17 to convert to base 32 (To go back type /back) > /back


Enter two numbers in format: {source base} {target base} (To quit type /exit) > 17 35
Enter number in base 17 to convert to base 35 (To go back type /back) > 8.39aaag0e1b332384a
Conversion result: 8.7byb3

Enter number in base 17 to convert to base 35 (To go back type /back) > /back


Enter two numbers in format: {source base} {target base} (To quit type /exit) > /exit
?[1;31m
Start test 7?[0m
Enter two numbers in format: {source base} {target base} (To quit type /exit) > 19 2
Enter number in base 19 to convert to base 2 (To go back type /back) > 15e.157fca142205if37581
Conversion result: 111010110.00010

Enter number in base 19 to convert to base 2 (To go back type /back) > /back


Enter two numbers in format: {source base} {target base} (To quit type /exit) > 19 5
Enter number in base 19 to convert to base 5 (To go back type /back) > he.5d05i7a27ec8432i70c
Conversion result: 2322.12220

Enter number in base 19 to convert to base 5 (To go back type /back) > /back


Enter two numbers in format: {source base} {target base} (To quit type /exit) > 19 8
Enter number in base 19 to convert to base 8 (To go back type /back) > 17d.f376chdfchebd6cgi96
Conversion result: 773.63101

Enter number in base 19 to convert to base 8 (To go back type /back) > /back


Enter two numbers in format: {source base} {target base} (To quit type /exit) > 19 11
Enter number in base 19 to convert to base 11 (To go back type /back) > 205.gd1iadgegec67e56081
Conversion result: 601.97318

Enter number in base 19 to convert to base 11 (To go back type /back) > /back


Enter two numbers in format: {source base} {target base} (To quit type /exit) > 19 14
Enter number in base 19 to convert to base 14 (To go back type /back) > 28g.bc43i3c7eh2ai8i9hb4
Conversion result: 478.88179

Enter number in base 19 to convert to base 14 (To go back type /back) > /back


Enter two numbers in format: {source base} {target base} (To quit type /exit) > 19 17
Enter number in base 19 to convert to base 17 (To go back type /back) > bg.1aa241hib65icg3h9eg
Conversion result: d4.16afe

Enter number in base 19 to convert to base 17 (To go back type /back) > /back


Enter two numbers in format: {source base} {target base} (To quit type /exit) > 19 20
Enter number in base 19 to convert to base 20 (To go back type /back) > 2b.c7c0e3807g7842ag3i8
Conversion result: 29.d11gg

Enter number in base 19 to convert to base 20 (To go back type /back) > /back


Enter two numbers in format: {source base} {target base} (To quit type /exit) > 19 23
Enter number in base 19 to convert to base 23 (To go back type /back) > di.bhbg96i8afdi7a0gdd5
Conversion result: bc.ea21i

Enter number in base 19 to convert to base 23 (To go back type /back) > /back


Enter two numbers in format: {source base} {target base} (To quit type /exit) > 19 26
Enter number in base 19 to convert to base 26 (To go back type /back) > 2b5.a12c9ghdi90f12717d6
Conversion result: 1a0.djo3g

Enter number in base 19 to convert to base 26 (To go back type /back) > /back


Enter two numbers in format: {source base} {target base} (To quit type /exit) > 19 29
Enter number in base 19 to convert to base 29 (To go back type /back) > 98.85ceb3d7i33f512838f
Conversion result: 65.cj9b3

Enter number in base 19 to convert to base 29 (To go back type /back) > /back


Enter two numbers in format: {source base} {target base} (To quit type /exit) > 19 32
Enter number in base 19 to convert to base 32 (To go back type /back) > 20.idhehae4c3g5h57520b
Conversion result: 16.vhkiu

Enter number in base 19 to convert to base 32 (To go back type /back) > /back


Enter two numbers in format: {source base} {target base} (To quit type /exit) > 19 35
Enter number in base 19 to convert to base 35 (To go back type /back) > 1i8.gai04e81d4b03cf0aab
Conversion result: kb.uipu9

Enter number in base 19 to convert to base 35 (To go back type /back) > /back


Enter two numbers in format: {source base} {target base} (To quit type /exit) > 22 2
Enter number in base 22 to convert to base 2 (To go back type /back) > 1gl.gfe2abg10j3ki3c354dfg5
Conversion result: 1101011001.11000

Enter number in base 22 to convert to base 2 (To go back type /back) > /back


Enter two numbers in format: {source base} {target base} (To quit type /exit) > 22 5
Enter number in base 22 to convert to base 5 (To go back type /back) > k3.98hf86eaf05kiggc5211d4
Conversion result: 3233.20320

Enter number in base 22 to convert to base 5 (To go back type /back) > /back


Enter two numbers in format: {source base} {target base} (To quit type /exit) > 22 8
Enter number in base 22 to convert to base 8 (To go back type /back) > 1bf.1825db39eheh5he3d71gb7
Conversion result: 1345.03766

Enter number in base 22 to convert to base 8 (To go back type /back) > /back


Enter two numbers in format: {source base} {target base} (To quit type /exit) > 22 11
Enter number in base 22 to convert to base 11 (To go back type /back) > 16h.9a5069gh85el1lj1h2h4c5
Conversion result: 526.4806a

Enter number in base 22 to convert to base 11 (To go back type /back) > /back


Enter two numbers in format: {source base} {target base} (To quit type /exit) > 22 14
Enter number in base 22 to convert to base 14 (To go back type /back) > 1l5.g6ea1f0b1ckd2fg29bkcj6
Conversion result: 4bd.a5355

Enter number in base 22 to convert to base 14 (To go back type /back) > /back


Enter two numbers in format: {source base} {target base} (To quit type /exit) > 22 17
Enter number in base 22 to convert to base 17 (To go back type /back) > 5j.5belgkkdjagh71kj0aic7j
Conversion result: 7a.44b30

Enter number in base 22 to convert to base 17 (To go back type /back) > /back


Enter two numbers in format: {source base} {target base} (To quit type /exit) > 22 20
Enter number in base 22 to convert to base 20 (To go back type /back) > 1a7.8gi6l14dj5i0874c29achc
Conversion result: 1fb.7j774

Enter number in base 22 to convert to base 20 (To go back type /back) > /back


Enter two numbers in format: {source base} {target base} (To quit type /exit) > 22 23
Enter number in base 22 to convert to base 23 (To go back type /back) > 14b.40i9g0fbg0j4j2j773j092
Conversion result: 128.4525i

Enter number in base 22 to convert to base 23 (To go back type /back) > /back


Enter two numbers in format: {source base} {target base} (To quit type /exit) > 22 26
Enter number in base 22 to convert to base 26 (To go back type /back) > 34.c3936gb6d69gkekb1i62i3
Conversion result: 2i.e9d29

Enter number in base 22 to convert to base 26 (To go back type /back) > /back


Enter two numbers in format: {source base} {target base} (To quit type /exit) > 22 29
Enter number in base 22 to convert to base 29 (To go back type /back) > 18e.9bkel9850gkf7b389e00df
Conversion result: n7.cgms5

Enter number in base 22 to convert to base 29 (To go back type /back) > /back


Enter two numbers in format: {source base} {target base} (To quit type /exit) > 22 32
Enter number in base 22 to convert to base 32 (To go back type /back) > 1jf.1jjgfb3fjb01fla69hl500
Conversion result: sl.2okn7

Enter number in base 22 to convert to base 32 (To go back type /back) > /back


Enter two numbers in format: {source base} {target base} (To quit type /exit) > 22 35
Enter number in base 22 to convert to base 35 (To go back type /back) > 1h6.bdj2g1gk8c0e243l7haig3
Conversion result: oo.ihlae

Enter number in base 22 to convert to base 35 (To go back type /back) > /back


Enter two numbers in format: {source base} {target base} (To quit type /exit) > 25 2
Enter number in base 25 to convert to base 2 (To go back type /back) > 4g.5n0gikil85bc80el1dmkn2nco
Conversion result: 1110100.00111

Enter number in base 25 to convert to base 2 (To go back type /back) > /back


Enter two numbers in format: {source base} {target base} (To quit type /exit) > 25 5
Enter number in base 25 to convert to base 5 (To go back type /back) > 10b.gnankoeod4931c9ne95ndabji
Conversion result: 10021.31432

Enter number in base 25 to convert to base 5 (To go back type /back) > /back


Enter two numbers in format: {source base} {target base} (To quit type /exit) > 25 8
Enter number in base 25 to convert to base 8 (To go back type /back) > 5.d710400hddkde8olanc821ec3
Conversion result: 5.42000

Enter number in base 25 to convert to base 8 (To go back type /back) > /back


Enter two numbers in format: {source base} {target base} (To quit type /exit) > 25 11
Enter number in base 25 to convert to base 11 (To go back type /back) > 30.1ah5i1di31jiigb3df0nb8hjj
Conversion result: 69.06a00

Enter number in base 25 to convert to base 11 (To go back type /back) > /back


Enter two numbers in format: {source base} {target base} (To quit type /exit) > 25 14
Enter number in base 25 to convert to base 14 (To go back type /back) > c9.m5f691b72j33b815940eg1h81
Conversion result: 181.c6350

Enter number in base 25 to convert to base 14 (To go back type /back) > /back


Enter two numbers in format: {source base} {target base} (To quit type /exit) > 25 17
Enter number in base 25 to convert to base 17 (To go back type /back) > 14i.j6a60f6298modjdggm5dhfomf
Conversion result: 29c.d1a4f

Enter number in base 25 to convert to base 17 (To go back type /back) > /back


Enter two numbers in format: {source base} {target base} (To quit type /exit) > 25 20
Enter number in base 25 to convert to base 20 (To go back type /back) > je.6jo81d5831a6l11g5cebin621
Conversion result: 149.58fdc

Enter number in base 25 to convert to base 20 (To go back type /back) > /back


Enter two numbers in format: {source base} {target base} (To quit type /exit) > 25 23
Enter number in base 25 to convert to base 23 (To go back type /back) > 114.i07id6m6h4041gl87gb591d5k
Conversion result: 15a.gd37a

Enter number in base 25 to convert to base 23 (To go back type /back) > /back


Enter two numbers in format: {source base} {target base} (To quit type /exit) > 25 26
Enter number in base 25 to convert to base 26 (To go back type /back) > 11m.119jfoii8kjlef7f10fijamnc
Conversion result: pm.12e62

Enter number in base 25 to convert to base 26 (To go back type /back) > /back


Enter two numbers in format: {source base} {target base} (To quit type /exit) > 25 29
Enter number in base 25 to convert to base 29 (To go back type /back) > aa.ld1no6hbchf9m340j7cobn345
Conversion result: 8s.os16c

Enter number in base 25 to convert to base 29 (To go back type /back) > /back


Enter two numbers in format: {source base} {target base} (To quit type /exit) > 25 32
Enter number in base 25 to convert to base 32 (To go back type /back) > e8.o4dlc2lnajf9gko1ol7dmm6ok
Conversion result: b6.uug52

Enter number in base 25 to convert to base 32 (To go back type /back) > /back


Enter two numbers in format: {source base} {target base} (To quit type /exit) > 25 35
Enter number in base 25 to convert to base 35 (To go back type /back) > 1e2.cd546dc03ci6fge446o093aj6
Conversion result: rw.hiux7

Enter number in base 25 to convert to base 35 (To go back type /back) > /back


Enter two numbers in format: {source base} {target base} (To quit type /exit) > 28 2
Enter number in base 28 to convert to base 2 (To go back type /back) > 178.q0c5pg71762bp0bo44orhnqj7
Conversion result: 1111011100.11101

Enter number in base 28 to convert to base 2 (To go back type /back) > /back


Enter two numbers in format: {source base} {target base} (To quit type /exit) > 28 5
Enter number in base 28 to convert to base 5 (To go back type /back) > 11f.robrl4ocd91j55hd4rq3be957
Conversion result: 11302.44420

Enter number in base 28 to convert to base 5 (To go back type /back) > /back


Enter two numbers in format: {source base} {target base} (To quit type /exit) > 28 8
Enter number in base 28 to convert to base 8 (To go back type /back) > qc.7o24kc2n2l25pll2695o29257
Conversion result: 1344.21756

Enter number in base 28 to convert to base 8 (To go back type /back) > /back


Enter two numbers in format: {source base} {target base} (To quit type /exit) > 28 11
Enter number in base 28 to convert to base 11 (To go back type /back) > gf.2prg9nfj21p9p32can80qq988l
Conversion result: 391.11720

Enter number in base 28 to convert to base 11 (To go back type /back) > /back


Enter two numbers in format: {source base} {target base} (To quit type /exit) > 28 14
Enter number in base 28 to convert to base 14 (To go back type /back) > 3r.colrd5hkkk6oroe8ma340hrloe
Conversion result: 7d.662a3

Enter number in base 28 to convert to base 14 (To go back type /back) > /back


Enter two numbers in format: {source base} {target base} (To quit type /exit) > 28 17
Enter number in base 28 to convert to base 17 (To go back type /back) > qp.kbf32q1eijelb843coqjb0f8l
Conversion result: 2a5.c6b9d

Enter number in base 28 to convert to base 17 (To go back type /back) > /back


Enter two numbers in format: {source base} {target base} (To quit type /exit) > 28 20
Enter number in base 28 to convert to base 20 (To go back type /back) > ra.e49dq15d77k9fp168hn1p5pae
Conversion result: 1i6.a244g

Enter number in base 28 to convert to base 20 (To go back type /back) > /back


Enter two numbers in format: {source base} {target base} (To quit type /exit) > 28 23
Enter number in base 28 to convert to base 23 (To go back type /back) > i4.7a1l3igionkh40cdha3ebaok3e
Conversion result: m2.610je

Enter number in base 28 to convert to base 23 (To go back type /back) > /back


Enter two numbers in format: {source base} {target base} (To quit type /exit) > 28 26
Enter number in base 28 to convert to base 26 (To go back type /back) > 45.c3hiopd3rp18ler810me1k6fl
Conversion result: 4d.b6lo0

Enter number in base 28 to convert to base 26 (To go back type /back) > /back


Enter two numbers in format: {source base} {target base} (To quit type /exit) > 28 29
Enter number in base 28 to convert to base 29 (To go back type /back) > 4d.8p28cqhqnjmhcnnj1rdng1meoe
Conversion result: 49.965b5

Enter number in base 28 to convert to base 29 (To go back type /back) > /back


Enter two numbers in format: {source base} {target base} (To quit type /exit) > 28 32
Enter number in base 28 to convert to base 32 (To go back type /back) > li.74rm2ldhna6klqhq7356orgec7
Conversion result: iu.86gnd

Enter number in base 28 to convert to base 32 (To go back type /back) > /back


Enter two numbers in format: {source base} {target base} (To quit type /exit) > 28 35
Enter number in base 28 to convert to base 35 (To go back type /back) > gq.4pbg1b65do58pbobofcrkn0iae
Conversion result: dj.64ooj

Enter number in base 28 to convert to base 35 (To go back type /back) > /back


Enter two numbers in format: {source base} {target base} (To quit type /exit) > 31 2
Enter number in base 31 to convert to base 2 (To go back type /back) > sl.eqad4uh8kgc4089ea2hskr9oiggbmn8
Conversion result: 1101111001.01111

Enter number in base 31 to convert to base 2 (To go back type /back) > /back


Enter two numbers in format: {source base} {target base} (To quit type /exit) > 31 5
Enter number in base 31 to convert to base 5 (To go back type /back) > kh.bk5tof8tbp8p5fn3ofrc0o8pbo5h2d7
Conversion result: 10022.14144

Enter number in base 31 to convert to base 5 (To go back type /back) > /back


Enter two numbers in format: {source base} {target base} (To quit type /exit) > 31 8
Enter number in base 31 to convert to base 8 (To go back type /back) > 2s.sg7uu0oapqkin6htjles83qq0agg3up
Conversion result: 132.72707

Enter number in base 31 to convert to base 8 (To go back type /back) > /back


Enter two numbers in format: {source base} {target base} (To quit type /exit) > 31 11
Enter number in base 31 to convert to base 11 (To go back type /back) > mi.7d19t990mr1l5h6ujjkug81pkd4f2rm
Conversion result: 587.26a68

Enter number in base 31 to convert to base 11 (To go back type /back) > /back


Enter two numbers in format: {source base} {target base} (To quit type /exit) > 31 14
Enter number in base 31 to convert to base 14 (To go back type /back) > kr.7alim04qr6n2ei11g872nj222is8841
Conversion result: 343.34624

Enter number in base 31 to convert to base 14 (To go back type /back) > /back


Enter two numbers in format: {source base} {target base} (To quit type /exit) > 31 17
Enter number in base 31 to convert to base 17 (To go back type /back) > ms.mmplb2anm9cqigg7c8gp7dfs7br4533
Conversion result: 27d.c7g5d

Enter number in base 31 to convert to base 17 (To go back type /back) > /back


Enter two numbers in format: {source base} {target base} (To quit type /exit) > 31 20
Enter number in base 31 to convert to base 20 (To go back type /back) > 40.7k0e5tn5oj11qs3gs08n2ei2hh6ogbk
Conversion result: 64.4id0g

Enter number in base 31 to convert to base 20 (To go back type /back) > /back


Enter two numbers in format: {source base} {target base} (To quit type /exit) > 31 23
Enter number in base 31 to convert to base 23 (To go back type /back) > 4g.k7nubsccpsjbfi62ifj1c5huaanfdtq
Conversion result: 62.f0d23

Enter number in base 31 to convert to base 23 (To go back type /back) > /back


Enter two numbers in format: {source base} {target base} (To quit type /exit) > 31 26
Enter number in base 31 to convert to base 26 (To go back type /back) > 6n.k6u0k80iurqtpo44ea51t7kmrim6kh3
Conversion result: 81.gp0ji

Enter number in base 31 to convert to base 26 (To go back type /back) > /back


Enter two numbers in format: {source base} {target base} (To quit type /exit) > 31 29
Enter number in base 31 to convert to base 29 (To go back type /back) > gc.t3goqug412kr7jo7d7upgue4960tqe3
Conversion result: hf.r6oc2

Enter number in base 31 to convert to base 29 (To go back type /back) > /back


Enter two numbers in format: {source base} {target base} (To quit type /exit) > 31 32
Enter number in base 31 to convert to base 32 (To go back type /back) > 5d.3u68ipl0uhsdj814uucsgj8kkf8ms03
Conversion result: 58.438re

Enter number in base 31 to convert to base 32 (To go back type /back) > /back


Enter two numbers in format: {source base} {target base} (To quit type /exit) > 31 35
Enter number in base 31 to convert to base 35 (To go back type /back) > o7.ag0kk3i1bhs7jbq1601ep12bhfkslae
Conversion result: lg.bukc1

Enter number in base 31 to convert to base 35 (To go back type /back) > /back


Enter two numbers in format: {source base} {target base} (To quit type /exit) > 34 2
Enter number in base 34 to convert to base 2 (To go back type /back) > 80.e47ffsx9rcqohkn589u7fbcx0q3hew7s50
[...]
Enter number in base 19 to convert to base 29 (To go back type /back) > 44b55gd89i16.d5d5d5d5d5d5ahgd871eeeid23
Conversion result: 151m3qjhs3p.k8kfm

Enter number in base 19 to convert to base 29 (To go back type /back) > /back


Enter two numbers in format: {source base} {target base} (To quit type /exit) > 19 32
Enter number in base 19 to convert to base 32 (To go back type /back) > bbdg7cebdb9.c6c6c6c6c6c6bad9472369e2e
Conversion result: 20ov2b5ffq.kpjgs

Enter number in base 19 to convert to base 32 (To go back type /back) > /back


Enter two numbers in format: {source base} {target base} (To quit type /exit) > 19 35
Enter number in base 19 to convert to base 35 (To go back type /back) > 3045gbe5025i.c6c6c6c6c6c6bad9472369e2eh
Conversion result: 4fsadwhib9.mq968

Enter number in base 19 to convert to base 35 (To go back type /back) > /back


Enter two numbers in format: {source base} {target base} (To quit type /exit) > 22 2
Enter number in base 22 to convert to base 2 (To go back type /back) > 4id4070hb66.bc248hd48hd4hkc1bi8d96jga6
Conversion result: 11101010000101111100100011010000101111100001110.10000

Enter number in base 22 to convert to base 2 (To go back type /back) > /back


Enter two numbers in format: {source base} {target base} (To quit type /exit) > 22 5
Enter number in base 22 to convert to base 5 (To go back type /back) > 186ff46alhf.9a2e1gfiac707af28hjd7f52h
Conversion result: 14243413042303311303.20333

Enter number in base 22 to convert to base 5 (To go back type /back) > /back


Enter two numbers in format: {source base} {target base} (To quit type /exit) > 22 8
Enter number in base 22 to convert to base 8 (To go back type /back) > g58fgffelfh.jhd48hd48hd4hkc1bi8d96jga6
Conversion result: 14206607432470157.71463

Enter number in base 22 to convert to base 8 (To go back type /back) > /back


Enter two numbers in format: {source base} {target base} (To quit type /exit) > 22 11
Enter number in base 22 to convert to base 11 (To go back type /back) > h2f7e5de2i4.00000
Conversion result: 1219a61aa393034.00000

Enter number in base 22 to convert to base 11 (To go back type /back) > /back


Enter two numbers in format: {source base} {target base} (To quit type /exit) > 22 14
Enter number in base 22 to convert to base 14 (To go back type /back) > g5db40j4fe.f77e9b1kd0bd78eic739g6212
Conversion result: 4bbb7a24233a.9a884

Enter number in base 22 to convert to base 14 (To go back type /back) > /back


Enter two numbers in format: {source base} {target base} (To quit type /exit) > 22 17
Enter number in base 22 to convert to base 17 (To go back type /back) > 4ge1f71af6j.6d48hd48hd48d0fl51hf67c2gi
Conversion result: 3bb4ag7fg8eg.51bf5

Enter number in base 22 to convert to base 17 (To go back type /back) > /back


Enter two numbers in format: {source base} {target base} (To quit type /exit) > 22 20
Enter number in base 22 to convert to base 20 (To go back type /back) > cb83i087613.b0000
Conversion result: 1c964d4i816h.a0000

Enter number in base 22 to convert to base 20 (To go back type /back) > /back


Enter two numbers in format: {source base} {target base} (To quit type /exit) > 22 23
Enter number in base 22 to convert to base 23 (To go back type /back) > 52kc2b8l545.hd48hd48hd49dj231eh4idhakc
Conversion result: 36g0ged115i.i94gd

Enter number in base 22 to convert to base 23 (To go back type /back) > /back


Enter two numbers in format: {source base} {target base} (To quit type /exit) > 22 26
Enter number in base 22 to convert to base 26 (To go back type /back) > b6j9hc5aabh.1248hd48hd48ig704511ek2a6h
Conversion result: 238lpbf5dm3.17kkk

Enter number in base 22 to convert to base 26 (To go back type /back) > /back


Enter two numbers in format: {source base} {target base} (To quit type /exit) > 22 29
Enter number in base 22 to convert to base 29 (To go back type /back) > cfjc8ke523e.36d48hd48hd46b7ldbjie3h189
Conversion result: n8dik6riql.4a4a4

Enter number in base 22 to convert to base 29 (To go back type /back) > /back


Enter two numbers in format: {source base} {target base} (To quit type /exit) > 22 32
Enter number in base 22 to convert to base 32 (To go back type /back) > c6166bcdf6g.36d48hd48hd46b7ldbjie3h189
Conversion result: 98gq4kjfo8.4pj6c

Enter number in base 22 to convert to base 32 (To go back type /back) > /back


Enter two numbers in format: {source base} {target base} (To quit type /exit) > 22 35
Enter number in base 22 to convert to base 35 (To go back type /back) > i565e738e58.5b000
Conversion result: 654pxybly9.8q8q8

Enter number in base 22 to convert to base 35 (To go back type /back) > /back


Enter two numbers in format: {source base} {target base} (To quit type /exit) > 25 2
Enter number in base 25 to convert to base 2 (To go back type /back) > 1227e0nf6fd.23333333333333333333333333
Conversion result: 10111011111111010011101111111100010001000011010.00010

Enter number in base 25 to convert to base 2 (To go back type /back) > /back


Enter two numbers in format: {source base} {target base} (To quit type /exit) > 25 5
Enter number in base 25 to convert to base 5 (To go back type /back) > l2hbe3m8bl.mllllllllllllllllllllllll
Conversion result: 41023221240342132141.42414

Enter number in base 25 to convert to base 5 (To go back type /back) > /back


Enter two numbers in format: {source base} {target base} (To quit type /exit) > 25 8
Enter number in base 25 to convert to base 8 (To go back type /back) > 1mgi6jlc59a.4ccccccccccccccccccccccccc
Conversion result: 5126131110314253.13412

Enter number in base 25 to convert to base 8 (To go back type /back) > /back


Enter two numbers in format: {source base} {target base} (To quit type /exit) > 25 11
Enter number in base 25 to convert to base 11 (To go back type /back) > 497g34e33je.8iiiiiiiiiiiiiiiiiiiiiiiii
Conversion result: 11094a407414a45.39393

Enter number in base 25 to convert to base 11 (To go back type /back) > /back


Enter two numbers in format: {source base} {target base} (To quit type /exit) > 25 14
Enter number in base 25 to convert to base 14 (To go back type /back) > 25ihe3g16ea.1fffffffffffffffffffffffff
Conversion result: 3a72c8d164390.0ca50

Enter number in base 25 to convert to base 14 (To go back type /back) > /back


Enter two numbers in format: {source base} {target base} (To quit type /exit) > 25 17
Enter number in base 25 to convert to base 17 (To go back type /back) > 2adloabg923.50000
Conversion result: 6c9fab942cbc.36da3

Enter number in base 25 to convert to base 17 (To go back type /back) > /back


Enter two numbers in format: {source base} {target base} (To quit type /exit) > 25 20
Enter number in base 25 to convert to base 20 (To go back type /back) > 2hfjkcdn85f.a0000
Conversion result: 153hi43b4985.80000

Enter number in base 25 to convert to base 20 (To go back type /back) > /back


Enter two numbers in format: {source base} {target base} (To quit type /exit) > 25 23
Enter number in base 25 to convert to base 23 (To go back type /back) > 1ae0kdebg7b.niiiiiiiiiiiiiiiiiiiiiiiii
Conversion result: 36764094mb3.ljcel

Enter number in base 25 to convert to base 23 (To go back type /back) > /back


Enter two numbers in format: {source base} {target base} (To quit type /exit) > 25 26
Enter number in base 25 to convert to base 26 (To go back type /back) > 26ai4hemknc.d3333333333333333333333333
Conversion result: 1dgko0nel32.dgnaa

Enter number in base 25 to convert to base 26 (To go back type /back) > /back


Enter two numbers in format: {source base} {target base} (To quit type /exit) > 25 29
Enter number in base 25 to convert to base 29 (To go back type /back) > 1fc6jadbelb.jfffffffffffffffffffffffff
Conversion result: aim87ipkmn.mm5ag

Enter number in base 25 to convert to base 29 (To go back type /back) > /back


Enter two numbers in format: {source base} {target base} (To quit type /exit) > 25 32
Enter number in base 25 to convert to base 32 (To go back type /back) > 2lmib7dajn3.g6666666666666666666666666
Conversion result: 7pfhu9oret.kpj6c

Enter number in base 25 to convert to base 32 (To go back type /back) > /back


Enter two numbers in format: {source base} {target base} (To quit type /exit) > 25 35
Enter number in base 25 to convert to base 35 (To go back type /back) > j0hi25alni.2666666666666666666666666
Conversion result: w86vq7sfi.358q8

Enter number in base 25 to convert to base 35 (To go back type /back) > /back


Enter two numbers in format: {source base} {target base} (To quit type /exit) > 28 2
Enter number in base 28 to convert to base 2 (To go back type /back) > 9q9p6fd294.2mb5gmb5gmb77qbboiala9bae
Conversion result: 10111111010010100010000100011010000100011100000.00011

Enter number in base 28 to convert to base 2 (To go back type /back) > /back


Enter two numbers in format: {source base} {target base} (To quit type /exit) > 28 5
Enter number in base 28 to convert to base 5 (To go back type /back) > dpkemr6gjn.rg6k4dc8qohbh7lhmdfrjg57
Conversion result: 123244403032301141234.44303

Enter number in base 28 to convert to base 5 (To go back type /back) > /back


Enter two numbers in format: {source base} {target base} (To quit type /exit) > 28 8
Enter number in base 28 to convert to base 8 (To go back type /back) > p9lagc90fe.p5gmb5gmb5gge5g0bji95n257
Conversion result: 7476061553330562.71462

Enter number in base 28 to convert to base 8 (To go back type /back) > /back


Enter two numbers in format: {source base} {target base} (To quit type /exit) > 28 11
Enter number in base 28 to convert to base 11 (To go back type /back) > 1ggro33roc0.cgmb5gmb5gm872m05nn4gpf2he
Conversion result: 12739815a632a09.4a4a4

Enter number in base 28 to convert to base 11 (To go back type /back) > /back


Enter two numbers in format: {source base} {target base} (To quit type /exit) > 28 14
Enter number in base 28 to convert to base 14 (To go back type /back) > oarkr81oo6.qgmb5gmb5gllegk172qrhd6fl
Conversion result: 47a0d9c531166.d42ab

Enter number in base 28 to convert to base 14 (To go back type /back) > /back


Enter two numbers in format: {source base} {target base} (To quit type /exit) > 28 17
Enter number in base 28 to convert to base 17 (To go back type /back) > na1l6r569d.4l7nefj13a2c8pe55j3gciipml
Conversion result: 739c9c0bc0a4.2f239

Enter number in base 28 to convert to base 17 (To go back type /back) > /back


Enter two numbers in format: {source base} {target base} (To quit type /exit) > 28 20
Enter number in base 28 to convert to base 20 (To go back type /back) > 17re14pmp57.8b5gmb5gmb5jkp5rm44nb2cpae
Conversion result: 1h38biejaaj7.60000

Enter number in base 28 to convert to base 20 (To go back type /back) > /back


Enter two numbers in format: {source base} {target base} (To quit type /exit) > 28 23
Enter number in base 28 to convert to base 23 (To go back type /back) > a2mf8fp5q4.k8b5gmb5gmbbdmbrg89im4pml
Conversion result: 2d786b7m0c8.gfbll

Enter number in base 28 to convert to base 23 (To go back type /back) > /back


Enter two numbers in format: {source base} {target base} (To quit type /exit) > 28 26
Enter number in base 28 to convert to base 26 (To go back type /back) > 11ogk85qhej.fb5gmb5gmb66db7qkp10aelc7
Conversion result: 265e12lge8j.e7kkk

Enter number in base 28 to convert to base 26 (To go back type /back) > /back


Enter two numbers in format: {source base} {target base} (To quit type /exit) > 28 29
Enter number in base 28 to convert to base 29 (To go back type /back) > qii2m4i9ne.p5gmb5gmb5gge5g0bji95n257
Conversion result: jcpocda66r.q2pon

Enter number in base 28 to convert to base 29 (To go back type /back) > /back


Enter two numbers in format: {source base} {target base} (To quit type /exit) > 28 32
Enter number in base 28 to convert to base 32 (To go back type /back) > c6ner8q1h3.4p5gmb5gmb5cai508lkkpa8hq7
Conversion result: 3lpmaoeljf.5j6cp

Enter number in base 28 to convert to base 32 (To go back type /back) > /back


Enter two numbers in format: {source base} {target base} (To quit type /exit) > 28 35
Enter number in base 28 to convert to base 35 (To go back type /back) > o106fp4748.8b5gmb5gmb5jkp5rm44nb2cpae
Conversion result: 37vw9xr7d8.ahhhh

Enter number in base 28 to convert to base 35 (To go back type /back) > /back


Enter two numbers in format: {source base} {target base} (To quit type /exit) > 31 2
Enter number in base 31 to convert to base 2 (To go back type /back) > 1ftbo2ir9e.kj20ecqp86m7j2k7snk4t14f7
Conversion result: 1001000110101011010111110010111010011001010100.10101

Enter number in base 31 to convert to base 2 (To go back type /back) > /back


Enter two numbers in format: {source base} {target base} (To quit type /exit) > 31 5
Enter number in base 31 to convert to base 5 (To go back type /back) > hpfa1kan0p.iiiiiiiiiigqdieh7ka754i4ur
Conversion result: 443230411331332214031.30000

Enter number in base 31 to convert to base 5 (To go back type /back) > /back


Enter two numbers in format: {source base} {target base} (To quit type /exit) > 31 8
Enter number in base 31 to convert to base 8 (To go back type /back) > hsch10hqlo.99999999998d6omo3pkj2hoje2
Conversion result: 15355172374324033.23146

Enter number in base 31 to convert to base 8 (To go back type /back) > /back


Enter two numbers in format: {source base} {target base} (To quit type /exit) > 31 11
Enter number in base 31 to convert to base 11 (To go back type /back) > gd8g3k9u86.ffffffffffffffffffffffffff
Conversion result: 116443359634677.55555

Enter number in base 31 to convert to base 11 (To go back type /back) > /back


Enter two numbers in format: {source base} {target base} (To quit type /exit) > 31 14
Enter number in base 31 to convert to base 14 (To go back type /back) > 3eubo2c0m8.dtdtdtdtdteo29q62ojhqk2f6
Conversion result: 18a56041982c8.642b2

Enter number in base 31 to convert to base 14 (To go back type /back) > /back


Enter two numbers in format: {source base} {target base} (To quit type /exit) > 31 17
Enter number in base 31 to convert to base 17 (To go back type /back) > d4u1o8rekc.7n7n7n7n7n7n7n7n7n7n7n7n7n
Conversion result: a2a26f5d6fc5.44444

Enter number in base 31 to convert to base 17 (To go back type /back) > /back


Enter two numbers in format: {source base} {target base} (To quit type /exit) > 31 20
Enter number in base 31 to convert to base 20 (To go back type /back) > 9uefdfpepr.1h1h1h1h1h1hjim8200u5b66qn
Conversion result: 15fa4gjae227.10000

Enter number in base 31 to convert to base 20 (To go back type /back) > /back


Enter two numbers in format: {source base} {target base} (To quit type /exit) > 31 23
Enter number in base 31 to convert to base 23 (To go back type /back) > 2tp4nmsuie.58behknqu25kppeeeshmijidh
Conversion result: 1kal6a4810g.3kl8m

Enter number in base 31 to convert to base 23 (To go back type /back) > /back


Enter two numbers in format: {source base} {target base} (To quit type /exit) > 31 26
Enter number in base 31 to convert to base 26 (To go back type /back) > bpd18hl2j.h1h1h1h1h1hjim8200u5b66qn
Conversion result: 1m742l3ffh.e7kkk

Enter number in base 31 to convert to base 26 (To go back type /back) > /back


Enter two numbers in format: {source base} {target base} (To quit type /exit) > 31 29
Enter number in base 31 to convert to base 29 (To go back type /back) > 9e81g30a81.iiiiiiiiiigqdieh7ka754i4ur
Conversion result: h6sl3jf2d8.hbhbh

Enter number in base 31 to convert to base 29 (To go back type /back) > /back


Enter two numbers in format: {source base} {target base} (To quit type /exit) > 31 32
Enter number in base 31 to convert to base 32 (To go back type /back) > 3tqqeg3ejj.kskskskskslfmibt3s31f2amr5
Conversion result: 2v9qmq8nk7.lj6cp

Enter number in base 31 to convert to base 32 (To go back type /back) > /back


Enter two numbers in format: {source base} {target base} (To quit type /exit) > 31 35
Enter number in base 31 to convert to base 35 (To go back type /back) > 7lbmshso7p.tdtdtdtdtdsqro7dfega498jn6
Conversion result: 2k9ydhhuk0.x8q8q

Enter number in base 31 to convert to base 35 (To go back type /back) > /back


Enter two numbers in format: {source base} {target base} (To quit type /exit) > 34 2
Enter number in base 34 to convert to base 2 (To go back type /back) > 5ahhqawuf1.m3dkdkdkdkgi4utcnphf7nx67d
Conversion result: 1001001010011000000001011011100110111101100010111.10100

Enter number in base 34 to convert to base 2 (To go back type /back) > /back


Enter two numbers in format: {source base} {target base} (To quit type /exit) > 34 5
Enter number in base 34 to convert to base 5 (To go back type /back) > 1r3t74q1k3.2ogatv9hn4360wrjn3g7g3etmp
Conversion result: 103301041234212303312.02000

Enter number in base 34 to convert to base 5 (To go back type /back) > /back


Enter two numbers in format: {source base} {target base} (To quit type /exit) > 34 8
Enter number in base 34 to convert to base 8 (To go back type /back) > 3mut9fbc3n.2cv9hn42ogblf1uhin0wr2equa
Conversion result: 6255741655760725.04365

Enter number in base 34 to convert to base 8 (To go back type /back) > /back


Enter two numbers in format: {source base} {target base} (To quit type /exit) > 34 11
Enter number in base 34 to convert to base 11 (To go back type /back) > 5v8753wr5v.ukdkdkdkdkgi4utcnphf7nx67d
Conversion result: a4565473654730.999a0

Enter number in base 34 to convert to base 11 (To go back type /back) > /back


Enter two numbers in format: {source base} {target base} (To quit type /exit) > 34 14
Enter number in base 34 to convert to base 14 (To go back type /back) > 5f3dcokxjm.ukdkdkdkdkgi4utcnphf7nx67d
Conversion result: 5b8a9d32b7ab6.c858a

Enter number in base 34 to convert to base 14 (To go back type /back) > /back


Enter two numbers in format: {source base} {target base} (To quit type /exit) > 34 17
Enter number in base 34 to convert to base 17 (To go back type /back) > 4iaq4dbll5.8h000
Conversion result: 80be16498185.44444

Enter number in base 34 to convert to base 17 (To go back type /back) > /back


Enter two numbers in format: {source base} {target base} (To quit type /exit) > 34 20
Enter number in base 34 to convert to base 20 (To go back type /back) > 2g0ln8f2l8.7aic85ewlprpkphec5owcb8olp
Conversion result: ed0ihhha51e.46000

Enter number in base 34 to convert to base 20 (To go back type /back) > /back


Enter two numbers in format: {source base} {target base} (To quit type /exit) > 34 23
Enter number in base 34 to convert to base 23 (To go back type /back) > 10isrbfnto.05qhn42ogatvulsi7gldnl7ts
Conversion result: 1b5m8bagj07.02ej4

Enter number in base 34 to convert to base 23 (To go back type /back) > /back


Enter two numbers in format: {source base} {target base} (To quit type /exit) > 34 26
Enter number in base 34 to convert to base 26 (To go back type /back) > vsuwd5om3.tjogatv9hn0j0uwpj3d24c0xb
Conversion result: ac9fgj81j5.mg37h

Enter number in base 34 to convert to base 26 (To go back type /back) > /back


Enter two numbers in format: {source base} {target base} (To quit type /exit) > 34 29
Enter number in base 34 to convert to base 29 (To go back type /back) > 29bx32v0on.4e9hn42ogatq9wfi277lbhh1d7
Conversion result: 9f3pi9l5pd.3m9gf

Enter number in base 34 to convert to base 29 (To go back type /back) > /back


Enter two numbers in format: {source base} {target base} (To quit type /exit) > 34 32
Enter number in base 34 to convert to base 32 (To go back type /back) > 66rw0v9wut.dkdkdkdkdkgi4utcnphf7nx67d
Conversion result: amd4b88puh.cpj6c

Enter number in base 34 to convert to base 32 (To go back type /back) > /back


Enter two numbers in format: {source base} {target base} (To quit type /exit) > 34 35
Enter number in base 34 to convert to base 35 (To go back type /back) > 298f83mcr0.a6r6r6r6r6povijam489d50dua
Conversion result: 1q93gxhg87.ahhhh

Enter number in base 34 to convert to base 35 (To go back type /back) > /back


Enter two numbers in format: {source base} {target base} (To quit type /exit) > /exit
]]></system-out>
  <system-err><![CDATA[]]></system-err>
</testsuite>
